<?xml version="1.0" encoding="UTF-8"?>
<testsuite xmlns:xsi="http://www.w3.org/2001/XMLSchema-instance" xsi:noNamespaceSchemaLocation="https://maven.apache.org/surefire/maven-surefire-plugin/xsd/surefire-test-report.xsd" version="3.0.1" name="com.example.test.music.dao.ArtistaDaoImplTest" time="0.08" tests="4" errors="0" skipped="0" failures="0">
  <properties>
[...]
</properties>
  <testcase name="testFindAll" classname="com.example.test.music.dao.ArtistaDaoImplTest" time="0.01">
    <system-err><![CDATA[mar 18, 2025 4:38:33 PM com.example.music.dao.ArtistaDaoImpl findAll
INFORMAZIONI: Sono stati trovati 36 artisti
]]></system-err>
  </testcase>
  <testcase name="testDeleteById" classname="com.example.test.music.dao.ArtistaDaoImplTest" time="0.026">
    <system-err><![CDATA[mar 18, 2025 4:38:33 PM com.example.music.dao.ArtistaDaoImpl save
INFORMAZIONI: Creato l'artista con il seguente ID: 55
mar 18, 2025 4:38:33 PM com.example.music.dao.ArtistaDaoImpl deleteById
INFORMAZIONI: Rimosso l'artista con ID: 55
mar 18, 2025 4:38:33 PM com.example.music.dao.ArtistaDaoImpl findById
AVVERTENZA: Non è stato possibile trovare l'artista
]]></system-err>
  </testcase>
  <testcase name="testUpdate" classname="com.example.test.music.dao.ArtistaDaoImplTest" time="0.026">
    <system-err><![CDATA[mar 18, 2025 4:38:33 PM com.example.music.dao.ArtistaDaoImpl save
INFORMAZIONI: Creato l'artista con il seguente ID: 56
mar 18, 2025 4:38:34 PM com.example.music.dao.ArtistaDaoImpl findById
INFORMAZIONI: Trovato l'artista con il seguente ID: 56
mar 18, 2025 4:38:34 PM com.example.music.dao.ArtistaDaoImpl update
INFORMAZIONI: Aggiornato l'artista con il seguente ID: 56
]]></system-err>
  </testcase>
  <testcase name="testSaveAndFindById" classname="com.example.test.music.dao.ArtistaDaoImplTest" time="0.015">
    <system-err><![CDATA[mar 18, 2025 4:38:34 PM com.example.music.dao.ArtistaDaoImpl save
INFORMAZIONI: Creato l'artista con il seguente ID: 57
mar 18, 2025 4:38:34 PM com.example.music.dao.ArtistaDaoImpl findById
INFORMAZIONI: Trovato l'artista con il seguente ID: 57
]]></system-err>
  </testcase>
</testsuite>